# JRE version: Java(TM) SE Runtime Environment (8.0_171-b11) (build 1.8.0_171-b11)
# Java VM: Java HotSpot(TM) 64-Bit Server VM (25.171-b11 mixed mode windows-amd64 compressed oops)
Heap:
 PSYoungGen      total 1058304K, used 655665K [0x0000000580100000, 0x00000005dad80000, 0x0000000800000000)
  eden space 971264K, 58% used [0x0000000580100000,0x00000005a2c523b8,0x00000005bb580000)
  from space 87040K, 99% used [0x00000005c0a80000,0x00000005c5f7a140,0x00000005c5f80000)
  to   space 87040K, 0% used [0x00000005bb580000,0x00000005bb580000,0x00000005c0a80000)
 ParOldGen       total 1368064K, used 36288K [0x0000000080200000, 0x00000000d3a00000, 0x0000000580100000)
  object space 1368064K, 2% used [0x0000000080200000,0x00000000825700c8,0x00000000d3a00000)
 Metaspace       used 56620K, capacity 57736K, committed 57856K, reserved 1099776K
  class space    used 7527K, capacity 7866K, committed 7936K, reserved 1048576K
GC Heap History (10 events):
Event: 2.496 GC heap before
{Heap before GC invocations=2 (full 1):
 PSYoungGen      total 611840K, used 19787K [0x0000000580100000, 0x00000005cac00000, 0x0000000800000000)
  eden space 524800K, 0% used [0x0000000580100000,0x0000000580100000,0x00000005a0180000)
  from space 87040K, 22% used [0x00000005a0180000,0x00000005a14d2c90,0x00000005a5680000)
  to   space 87040K, 0% used [0x00000005c5700000,0x00000005c5700000,0x00000005cac00000)
 ParOldGen       total 1398272K, used 16K [0x0000000080200000, 0x00000000d5780000, 0x0000000580100000)
  object space 1398272K, 0% used [0x0000000080200000,0x0000000080204000,0x00000000d5780000)
 Metaspace       used 20824K, capacity 21086K, committed 21296K, reserved 1067008K
  class space    used 2984K, capacity 3107K, committed 3200K, reserved 1048576K
Event: 2.540 GC heap after
Heap after GC invocations=2 (full 1):
 PSYoungGen      total 611840K, used 0K [0x0000000580100000, 0x00000005cac00000, 0x0000000800000000)
  eden space 524800K, 0% used [0x0000000580100000,0x0000000580100000,0x00000005a0180000)
  from space 87040K, 0% used [0x00000005a0180000,0x00000005a0180000,0x00000005a5680000)
  to   space 87040K, 0% used [0x00000005c5700000,0x00000005c5700000,0x00000005cac00000)
 ParOldGen       total 842240K, used 18521K [0x0000000080200000, 0x00000000b3880000, 0x0000000580100000)
  object space 842240K, 2% used [0x0000000080200000,0x0000000081416630,0x00000000b3880000)
 Metaspace       used 20824K, capacity 21086K, committed 21296K, reserved 1067008K
  class space    used 2984K, capacity 3107K, committed 3200K, reserved 1048576K
}
Event: 4.373 GC heap before
{Heap before GC invocations=3 (full 1):
 PSYoungGen      total 611840K, used 240553K [0x0000000580100000, 0x00000005cac00000, 0x0000000800000000)
  eden space 524800K, 45% used [0x0000000580100000,0x000000058ebea5e8,0x00000005a0180000)
  from space 87040K, 0% used [0x00000005a0180000,0x00000005a0180000,0x00000005a5680000)
  to   space 87040K, 0% used [0x00000005c5700000,0x00000005c5700000,0x00000005cac00000)
 ParOldGen       total 842240K, used 18521K [0x0000000080200000, 0x00000000b3880000, 0x0000000580100000)
  object space 842240K, 2% used [0x0000000080200000,0x0000000081416630,0x00000000b3880000)
 Metaspace       used 34847K, capacity 35306K, committed 35496K, reserved 1079296K
  class space    used 4882K, capacity 5061K, committed 5120K, reserved 1048576K
Event: 4.387 GC heap after
Heap after GC invocations=3 (full 1):
 PSYoungGen      total 740864K, used 17849K [0x0000000580100000, 0x00000005c6880000, 0x0000000800000000)
  eden space 722944K, 0% used [0x0000000580100000,0x0000000580100000,0x00000005ac300000)
  from space 17920K, 99% used [0x00000005c5700000,0x00000005c686e590,0x00000005c6880000)
  to   space 87040K, 0% used [0x00000005bbe80000,0x00000005bbe80000,0x00000005c1380000)
 ParOldGen       total 842240K, used 18537K [0x0000000080200000, 0x00000000b3880000, 0x0000000580100000)
  object space 842240K, 2% used [0x0000000080200000,0x000000008141a630,0x00000000b3880000)
 Metaspace       used 34847K, capacity 35306K, committed 35496K, reserved 1079296K
  class space    used 4882K, capacity 5061K, committed 5120K, reserved 1048576K
}
Event: 4.387 GC heap before
{Heap before GC invocations=4 (full 2):
 PSYoungGen      total 740864K, used 17849K [0x0000000580100000, 0x00000005c6880000, 0x0000000800000000)
  eden space 722944K, 0% used [0x0000000580100000,0x0000000580100000,0x00000005ac300000)
  from space 17920K, 99% used [0x00000005c5700000,0x00000005c686e590,0x00000005c6880000)
  to   space 87040K, 0% used [0x00000005bbe80000,0x00000005bbe80000,0x00000005c1380000)
 ParOldGen       total 842240K, used 18537K [0x0000000080200000, 0x00000000b3880000, 0x0000000580100000)
  object space 842240K, 2% used [0x0000000080200000,0x000000008141a630,0x00000000b3880000)
 Metaspace       used 34847K, capacity 35306K, committed 35496K, reserved 1079296K
  class space    used 4882K, capacity 5061K, committed 5120K, reserved 1048576K
Event: 4.424 GC heap after
Heap after GC invocations=4 (full 2):
 PSYoungGen      total 740864K, used 0K [0x0000000580100000, 0x00000005c6880000, 0x0000000800000000)
  eden space 722944K, 0% used [0x0000000580100000,0x0000000580100000,0x00000005ac300000)
  from space 17920K, 0% used [0x00000005c5700000,0x00000005c5700000,0x00000005c6880000)
  to   space 87040K, 0% used [0x00000005bbe80000,0x00000005bbe80000,0x00000005c1380000)
 ParOldGen       total 1368064K, used 23675K [0x0000000080200000, 0x00000000d3a00000, 0x0000000580100000)
  object space 1368064K, 1% used [0x0000000080200000,0x000000008191ef78,0x00000000d3a00000)
 Metaspace       used 34847K, capacity 35306K, committed 35496K, reserved 1079296K
  class space    used 4882K, capacity 5061K, committed 5120K, reserved 1048576K
}
Event: 8.174 GC heap before
{Heap before GC invocations=5 (full 2):
 PSYoungGen      total 740864K, used 722944K [0x0000000580100000, 0x00000005c6880000, 0x0000000800000000)
  eden space 722944K, 100% used [0x0000000580100000,0x00000005ac300000,0x00000005ac300000)
  from space 17920K, 0% used [0x00000005c5700000,0x00000005c5700000,0x00000005c6880000)
  to   space 87040K, 0% used [0x00000005bbe80000,0x00000005bbe80000,0x00000005c1380000)
 ParOldGen       total 1368064K, used 23675K [0x0000000080200000, 0x00000000d3a00000, 0x0000000580100000)
  object space 1368064K, 1% used [0x0000000080200000,0x000000008191ef78,0x00000000d3a00000)
 Metaspace       used 49305K, capacity 50244K, committed 50560K, reserved 1093632K
  class space    used 6907K, capacity 7194K, committed 7296K, reserved 1048576K
Event: 8.203 GC heap after
Heap after GC invocations=5 (full 2):
 PSYoungGen      total 1009152K, used 37600K [0x0000000580100000, 0x00000005c5f80000, 0x0000000800000000)
  eden space 971264K, 0% used [0x0000000580100000,0x0000000580100000,0x00000005bb580000)
  from space 37888K, 99% used [0x00000005bbe80000,0x00000005be338260,0x00000005be380000)
  to   space 87040K, 0% used [0x00000005c0a80000,0x00000005c0a80000,0x00000005c5f80000)
 ParOldGen       total 1368064K, used 23683K [0x0000000080200000, 0x00000000d3a00000, 0x0000000580100000)
  object space 1368064K, 1% used [0x0000000080200000,0x0000000081920f78,0x00000000d3a00000)
 Metaspace       used 49305K, capacity 50244K, committed 50560K, reserved 1093632K
  class space    used 6907K, capacity 7194K, committed 7296K, reserved 1048576K
}
Event: 13.245 GC heap before
{Heap before GC invocations=6 (full 2):
 PSYoungGen      total 1009152K, used 1008864K [0x0000000580100000, 0x00000005c5f80000, 0x0000000800000000)
  eden space 971264K, 100% used [0x0000000580100000,0x00000005bb580000,0x00000005bb580000)
  from space 37888K, 99% used [0x00000005bbe80000,0x00000005be338260,0x00000005be380000)
  to   space 87040K, 0% used [0x00000005c0a80000,0x00000005c0a80000,0x00000005c5f80000)
 ParOldGen       total 1368064K, used 23683K [0x0000000080200000, 0x00000000d3a00000, 0x0000000580100000)
  object space 1368064K, 1% used [0x0000000080200000,0x0000000081920f78,0x00000000d3a00000)
 Metaspace       used 54527K, capacity 55532K, committed 55808K, reserved 1097728K
  class space    used 7331K, capacity 7628K, committed 7680K, reserved 1048576K
Event: 13.301 GC heap after
Heap after GC invocations=6 (full 2):
 PSYoungGen      total 1058304K, used 87016K [0x0000000580100000, 0x00000005dad80000, 0x0000000800000000)
  eden space 971264K, 0% used [0x0000000580100000,0x0000000580100000,0x00000005bb580000)
  from space 87040K, 99% used [0x00000005c0a80000,0x00000005c5f7a140,0x00000005c5f80000)
  to   space 87040K, 0% used [0x00000005bb580000,0x00000005bb580000,0x00000005c0a80000)
 ParOldGen       total 1368064K, used 36288K [0x0000000080200000, 0x00000000d3a00000, 0x0000000580100000)
  object space 1368064K, 2% used [0x0000000080200000,0x00000000825700c8,0x00000000d3a00000)
 Metaspace       used 54527K, capacity 55532K, committed 55808K, reserved 1097728K
  class space    used 7331K, capacity 7628K, committed 7680K, reserved 1048576K
}

